Release 14.7 - xst P.20131013 (nt64)
Copyright (c) 1995-2013 Xilinx, Inc.  All rights reserved.
--> Parameter TMPDIR set to xst/projnav.tmp


Total REAL time to Xst completion: 1.00 secs
Total CPU time to Xst completion: 0.11 secs
 
--> Parameter xsthdpdir set to xst


Total REAL time to Xst completion: 1.00 secs
Total CPU time to Xst completion: 0.11 secs
 
--> Reading design: Football.prj

TABLE OF CONTENTS
  1) Synthesis Options Summary
  2) HDL Compilation
  3) Design Hierarchy Analysis
  4) HDL Analysis
  5) HDL Synthesis
     5.1) HDL Synthesis Report
  6) Advanced HDL Synthesis
     6.1) Advanced HDL Synthesis Report
  7) Low Level Synthesis
  8) Partition Report
  9) Final Report
	9.1) Device utilization summary
	9.2) Partition Resource Summary
	9.3) TIMING REPORT


=========================================================================
*                      Synthesis Options Summary                        *
=========================================================================
---- Source Parameters
Input File Name                    : "Football.prj"
Input Format                       : mixed
Ignore Synthesis Constraint File   : NO

---- Target Parameters
Output File Name                   : "Football"
Output Format                      : NGC
Target Device                      : xc3s500e-4-fg320

---- Source Options
Top Module Name                    : Football
Automatic FSM Extraction           : YES
FSM Encoding Algorithm             : Auto
Safe Implementation                : No
FSM Style                          : LUT
RAM Extraction                     : Yes
RAM Style                          : Auto
ROM Extraction                     : Yes
Mux Style                          : Auto
Decoder Extraction                 : YES
Priority Encoder Extraction        : Yes
Shift Register Extraction          : YES
Logical Shifter Extraction         : YES
XOR Collapsing                     : YES
ROM Style                          : Auto
Mux Extraction                     : Yes
Resource Sharing                   : YES
Asynchronous To Synchronous        : NO
Multiplier Style                   : Auto
Automatic Register Balancing       : No

---- Target Options
Add IO Buffers                     : YES
Global Maximum Fanout              : 100000
Add Generic Clock Buffer(BUFG)     : 24
Register Duplication               : YES
Slice Packing                      : YES
Optimize Instantiated Primitives   : NO
Use Clock Enable                   : Yes
Use Synchronous Set                : Yes
Use Synchronous Reset              : Yes
Pack IO Registers into IOBs        : Auto
Equivalent register Removal        : YES

---- General Options
Optimization Goal                  : Speed
Optimization Effort                : 1
Keep Hierarchy                     : No
Netlist Hierarchy                  : As_Optimized
RTL Output                         : Yes
Global Optimization                : AllClockNets
Read Cores                         : YES
Write Timing Constraints           : NO
Cross Clock Analysis               : NO
Hierarchy Separator                : /
Bus Delimiter                      : <>
Case Specifier                     : Maintain
Slice Utilization Ratio            : 100
BRAM Utilization Ratio             : 100
Verilog 2001                       : YES
Auto BRAM Packing                  : NO
Slice Utilization Ratio Delta      : 5

=========================================================================


=========================================================================
*                          HDL Compilation                              *
=========================================================================
Compiling vhdl file "D:/Stuff/Programowanie/UCISW_Football/GameManager.vhd" in Library work.
Architecture behavioral of Entity gamemanager is up to date.
Compiling vhdl file "D:/Stuff/Programowanie/UCISW_Football/Displayer.vhd" in Library work.
Entity <displayer> compiled.
Entity <displayer> (Architecture <behavioral>) compiled.
Compiling vhdl file "D:/Stuff/Programowanie/UCISW_Football/Football.vhf" in Library work.
Entity <football> compiled.
Entity <football> (Architecture <behavioral>) compiled.

=========================================================================
*                     Design Hierarchy Analysis                         *
=========================================================================
Analyzing hierarchy for entity <Football> in library <work> (architecture <behavioral>).

Analyzing hierarchy for entity <GameManager> in library <work> (architecture <behavioral>).

Analyzing hierarchy for entity <Displayer> in library <work> (architecture <behavioral>).


=========================================================================
*                            HDL Analysis                               *
=========================================================================
Analyzing Entity <Football> in library <work> (Architecture <behavioral>).
WARNING:Xst:2211 - "D:/Stuff/Programowanie/UCISW_Football/Football.vhf" line 148: Instantiating black box module <PS2_Rx>.
WARNING:Xst:2211 - "D:/Stuff/Programowanie/UCISW_Football/Football.vhf" line 188: Instantiating black box module <LCD1x64>.
WARNING:Xst:753 - "D:/Stuff/Programowanie/UCISW_Football/Football.vhf" line 199: Unconnected output port 'Busy' of component 'VGAtxt48x20'.
WARNING:Xst:2211 - "D:/Stuff/Programowanie/UCISW_Football/Football.vhf" line 199: Instantiating black box module <VGAtxt48x20>.
Entity <Football> analyzed. Unit <Football> generated.

Analyzing Entity <GameManager> in library <work> (Architecture <behavioral>).
INFO:Xst:1561 - "D:/Stuff/Programowanie/UCISW_Football/GameManager.vhd" line 128: Mux is complete : default of case is discarded
WARNING:Xst:819 - "D:/Stuff/Programowanie/UCISW_Football/GameManager.vhd" line 226: One or more signals are missing in the process sensitivity list. To enable synthesis of FPGA/CPLD hardware, XST will assume that all necessary signals are present in the sensitivity list. Please note that the result of the synthesis may differ from the initial design specification. The missing signals are:
   <Data_Input>
INFO:Xst:2679 - Register <BallDirection<1>> in unit <GameManager> has a constant value of 1 during circuit operation. The register is replaced by logic.
Entity <GameManager> analyzed. Unit <GameManager> generated.

Analyzing Entity <Displayer> in library <work> (Architecture <behavioral>).
ERROR:Xst:1312 - Loop has iterated 64 times. Use "set -loop_iteration_limit XX" to iterate more.
--> 

Total memory usage is 4524388 kilobytes

Number of errors   :    1 (   0 filtered)
Number of warnings :    5 (   0 filtered)
Number of infos    :    2 (   0 filtered)

