Running: C:\Xilinx\14.7\ISE_DS\ISE\bin\nt64\unwrapped\fuse.exe -intstyle ise -incremental -o C:/Users/Kacper/Desktop/Football/DisplayerTestBench_isim_beh.exe -prj C:/Users/Kacper/Desktop/Football/DisplayerTestBench_beh.prj work.DisplayerTestBench 
ISim P.20131013 (signature 0x7708f090)
Number of CPUs detected in this system: 12
Turning on mult-threading, number of parallel sub-compilation jobs: 24 
Determining compilation order of HDL files
Parsing VHDL file "C:/Users/Kacper/Desktop/Football/Displayer.vhd" into library work
Parsing VHDL file "C:/Users/Kacper/Desktop/Football/DisplayerTestBench.vhd" into library work
Starting static elaboration
WARNING:HDLCompiler:1242 - "N:/P.20131013/rtf/vhdl/src/ieee/numeric_std.vhd" Line 3211: Warning: "NUMERIC_STD.TO_INTEGER: metavalue detected, returning 0"
Completed static elaboration
Compiling package standard
Compiling package std_logic_1164
Compiling package numeric_std
Compiling architecture behavioral of entity Displayer [displayer_default]
Compiling architecture behavior of entity displayertestbench
Time Resolution for simulation is 1ps.
Compiled 6 VHDL Units
Built simulation executable C:/Users/Kacper/Desktop/Football/DisplayerTestBench_isim_beh.exe
Fuse Memory Usage: 35796 KB
Fuse CPU Usage: 374 ms
